<?xml version="1.0" encoding="UTF-8"?><testsuite name="nosetests" tests="4" errors="0" failures="0" skip="0"><testcase classname="emulatorTests.EmulatorTests" name="test_data_received" time="0.003"></testcase><testcase classname="emulatorTests.EmulatorTests" name="test_data_received_one_destination_repeated" time="0.004"></testcase><testcase classname="emulatorTests.EmulatorTests" name="test_data_received_two_destinations" time="0.003"></testcase><testcase classname="emulatorTests.EmulatorTests" name="test_recv_9k_bytes" time="0.008"></testcase></testsuite>