<?xml version="1.0" encoding="UTF-8"?><testsuite name="nosetests" tests="6" errors="0" failures="0" skip="0"><testcase classname="importEmulatorTests.EmulatorTests" name="test_bitmap_not_wrapped" time="0.006"><system-out><![CDATA[received b'\xd6\xb7y>\x01\x00\x00\x00\x00\x00\x00\x00\x00\x00\x00\x00\x00\x00\x00\x00\x00\x00\x00\x00\x00\x00\x00\x00\x00\x00\x00\x00\x00\x00\x00\x00\x00\x00\x00\x00\x00\x00\x00\x00\x00\x00\x00\x00\x00\x00\x00\x00\x00\x00\x00\x00\x00\x00\x00\x00\x00\x00\x00\x00\x00\x00\x00\x00\x00\x00\x00\x00\x00\x00\x00\x00\x00\x00\x00\x00\x00\x00\x00\x00\x00\x00\x00\x00\x00\x00\x00\x00\x00\x00\x00\x00\x00\x00\x00\x00\x00\x00\x00\x00\x00\x00\x00\x00\x00\x00\x00\x00BM6\x03\x00\x00\x00\x00\x00\x00\x00\x00\x10\x12\x00\x00\xa0\x0f\x00\x00\x01\x00\x18\x00\x00\x00\x00\x00\x00\x03\x00\x00'
]]></system-out></testcase><testcase classname="importEmulatorTests.EmulatorTests" name="test_frame_dropped_if_invalid_header" time="5.006"></testcase><testcase classname="importEmulatorTests.EmulatorTests" name="test_frame_dropped_if_no_header" time="5.007"></testcase><testcase classname="importEmulatorTests.EmulatorTests" name="test_non_sisl_is_wrapped" time="0.006"><system-out><![CDATA[received b'\xd6\xb7y>\x01\x00\x00\x00\x00\x00\x00\x00\x00\x00\x00\x00\x00\x00\x00\x00\x00\x00\x00\x00\x00\x00\x00\x00\x00\x00\x00\x00\x00\x00\x00\x00\x00\x00\x00\x00\x00\x00\x00\x00\x00\x00\x00\x00\x00\x00\x00\x00\x00\x00\x00\x00\x00\x00\x00\x00\x00\x00\x00\x00\xd1\xdf_\xff\x00\x01\x00\x00\x00\x00\x000\x00\x00\x00\x01\x00\x03\x00\x08$\x133\xd1\xe3\x86\xff\x9b\x00\x00\x00\x00\x00\x00\x00\x00\x00\x00\x00\x00\x00\x00\x00\x00\xff_\xdf\xd1Lv_\xbd\x8c'
]]></system-out></testcase><testcase classname="importEmulatorTests.EmulatorTests" name="test_send_with_valid_control_header_is_received" time="0.002"><system-out><![CDATA[received b'\xd6\xb7y>\x01\x00\x00\x00\x00\x00\x00\x00\x00\x00\x00\x00\x00\x00\x00\x00\x00\x00\x00\x00\x00\x00\x00\x00\x00\x00\x00\x00\x00\x00\x00\x00\x00\x00\x00\x00\x00\x00\x00\x00\x00\x00\x00\x00\x00\x00\x00\x00\x00\x00\x00\x00\x00\x00\x00\x00\x00\x00\x00\x00\x00\x00\x00\x00\x00\x00\x00\x00\x00\x00\x00\x00\x00\x00\x00\x00\x00\x00\x00\x00\x00\x00\x00\x00\x00\x00\x00\x00\x00\x00\x00\x00\x00\x00\x00\x00\x00\x00\x00\x00\x00\x00\x00\x00\x00\x00\x00\x00{}'
]]></system-out></testcase><testcase classname="importEmulatorTests.EmulatorTests" name="test_sisl_received_not_wrapped" time="0.003"><system-out><![CDATA[received b'\xd6\xb7y>\x01\x00\x00\x00\x00\x00\x00\x00\x00\x00\x00\x00\x00\x00\x00\x00\x00\x00\x00\x00\x00\x00\x00\x00\x00\x00\x00\x00\x00\x00\x00\x00\x00\x00\x00\x00\x00\x00\x00\x00\x00\x00\x00\x00\x00\x00\x00\x00\x00\x00\x00\x00\x00\x00\x00\x00\x00\x00\x00\x00\x00\x00\x00\x00\x00\x00\x00\x00\x00\x00\x00\x00\x00\x00\x00\x00\x00\x00\x00\x00\x00\x00\x00\x00\x00\x00\x00\x00\x00\x00\x00\x00\x00\x00\x00\x00\x00\x00\x00\x00\x00\x00\x00\x00\x00\x00\x00\x00{name: !str "helpful_name", flag: !bool "false", count: !int "3"}'
]]></system-out></testcase></testsuite>